#
# There is insufficient memory for the Java Runtime Environment to continue.
# Native memory allocation (mmap) failed to map 67108864 bytes for Failed to commit area from 0x00000000fc000000 to 0x0000000100000000 of length 67108864.
# Possible reasons:
#   The system is out of physical RAM or swap space
#   The process is running with CompressedOops enabled, and the Java Heap may be blocking the growth of the native heap
# Possible solutions:
#   Reduce memory load on the system
#   Increase physical memory or swap space
#   Check if swap backing store is full
#   Decrease Java heap size (-Xmx/-Xms)
#   Decrease number of Java threads
#   Decrease Java thread stack sizes (-Xss)
#   Set larger code cache with -XX:ReservedCodeCacheSize=
# This output file may be truncated or incomplete.
#
#  Out of Memory Error (t:/workspace/open/src/hotspot/os/windows/os_windows.cpp:3301), pid=14036, tid=1180
#
# JRE version:  (13.0.1+9) (build )
# Java VM: Java HotSpot(TM) 64-Bit Server VM (13.0.1+9, mixed mode, aot, sharing, tiered, compressed oops, g1 gc, windows-amd64)
# No core dump will be written. Minidumps are not enabled by default on client versions of Windows
#

---------------  S U M M A R Y ------------

Command Line: -Xmx64m -Xms64m -Dorg.gradle.appname=gradlew org.gradle.wrapper.GradleWrapperMain app:installDebug -PreactNativeDevServerPort=8081

Host: Intel(R) Core(TM) i7-7700HQ CPU @ 2.80GHz, 8 cores, 7G,  Windows 10 , 64 bit Build 17134 (10.0.17134.1425)
Time: Thu Jun 11 18:55:00 2020 ¢¥eCN©öI¡¾©ö C¡ÍA¨ª¨öA elapsed time: 0 seconds (0d 0h 0m 0s)

---------------  T H R E A D  ---------------

Current thread (0x000001e0456dc800):  JavaThread "Unknown thread" [_thread_in_vm, id=1180, stack(0x0000000103f00000,0x0000000104000000)]

Stack: [0x0000000103f00000,0x0000000104000000]
Native frames: (J=compiled Java code, j=interpreted, Vv=VM code, C=native code)
V  [jvm.dll+0x626eca]
V  [jvm.dll+0x772c6a]
V  [jvm.dll+0x77441f]
V  [jvm.dll+0x774a23]
V  [jvm.dll+0x24da58]
V  [jvm.dll+0x62438a]
V  [jvm.dll+0x618f75]
V  [jvm.dll+0x30c61c]
V  [jvm.dll+0x30c452]
V  [jvm.dll+0x311bc6]
V  [jvm.dll+0x355ce6]
V  [jvm.dll+0x3554c0]
V  [jvm.dll+0x2e729a]
V  [jvm.dll+0x2e8532]
V  [jvm.dll+0x74fcd8]
V  [jvm.dll+0x363739]
V  [jvm.dll+0x732dc5]
V  [jvm.dll+0x3ce2ef]
V  [jvm.dll+0x3d0611]
C  [jli.dll+0x51ff]
C  [ucrtbase.dll+0x1e3fe]
C  [KERNEL32.DLL+0x14034]
C  [ntdll.dll+0x73691]


---------------  P R O C E S S  ---------------

Threads class SMR info:
_java_thread_list=0x00007ffe678346b8, length=0, elements={
}

Java Threads: ( => current thread )

Other Threads:
  0x000001e0456fb800 GCTaskThread "GC Thread#0" [stack: 0x0000000104000000,0x0000000104100000] [id=14792]
  0x000001e0456ff800 ConcurrentGCThread "G1 Main Marker" [stack: 0x0000000104100000,0x0000000104200000] [id=20452]
  0x000001e045701800 ConcurrentGCThread "G1 Conc#0" [stack: 0x0000000104200000,0x0000000104300000] [id=12244]

[error occurred during error reporting (printing all threads), id 0xc0000005, EXCEPTION_ACCESS_VIOLATION (0xc0000005) at pc=0x00007ffe67066f67]

VM state:not at safepoint (not fully initialized)

VM Mutex/Monitor currently owned by a thread:  ([mutex/lock_event])
[0x000001e0456d7e80] Heap_lock - owner thread: 0x000001e0456dc800

Heap address: 0x00000000fc000000, size: 64 MB, Compressed Oops mode: Non-zero based: 0x00000000fc000000
Narrow klass base: 0x0000000000000000, Narrow klass shift: 0

GC Heap History (0 events):
No events

Deoptimization events (0 events):
No events

Classes unloaded (0 events):
No events

Classes redefined (0 events):
No events

Internal exceptions (0 events):
No events

Events (8 events):
Event: 0.013 Loaded shared library C:\Program Files\Java\jdk-13.0.1\bin\zip.dll
Event: 0.014 Loaded shared library C:\Program Files\Java\jdk-13.0.1\bin\jimage.dll
Event: 0.015 Loading shared library C:\Program Files\Java\jdk-13.0.1\lib\libjava.base-coop.dll failed, error code 126
Event: 0.015 Loading shared library C:\Program Files\Java\jdk-13.0.1\lib\libjava.logging-coop.dll failed, error code 126
Event: 0.015 Loading shared library C:\Program Files\Java\jdk-13.0.1\lib\libjdk.compiler-coop.dll failed, error code 126
Event: 0.015 Loading shared library C:\Program Files\Java\jdk-13.0.1\lib\libjdk.scripting.nashorn-coop.dll failed, error code 126
Event: 0.015 Loading shared library C:\Program Files\Java\jdk-13.0.1\lib\libjdk.internal.vm.ci-coop.dll failed, error code 126
Event: 0.015 Loading shared library C:\Program Files\Java\jdk-13.0.1\lib\libjdk.internal.vm.compiler-coop.dll failed, error code 126


Dynamic libraries:
0x00007ff723210000 - 0x00007ff72321f000 	C:\Program Files\Java\jdk-13.0.1\bin\java.exe
0x00007ffeab1b0000 - 0x00007ffeab391000 	C:\WINDOWS\SYSTEM32\ntdll.dll
0x00007ffea8e00000 - 0x00007ffea8eb1000 	C:\WINDOWS\System32\KERNEL32.DLL
0x00007ffea8110000 - 0x00007ffea8383000 	C:\WINDOWS\System32\KERNELBASE.dll
0x00007ffea7ec0000 - 0x00007ffea7fb8000 	C:\WINDOWS\System32\ucrtbase.dll
0x00007ffe99380000 - 0x00007ffe99398000 	C:\Program Files\Java\jdk-13.0.1\bin\jli.dll
0x00007ffea8f70000 - 0x00007ffea9011000 	C:\WINDOWS\System32\ADVAPI32.dll
0x00007ffea8c00000 - 0x00007ffea8c9e000 	C:\WINDOWS\System32\msvcrt.dll
0x00007ffea9a20000 - 0x00007ffea9a7b000 	C:\WINDOWS\System32\sechost.dll
0x00007ffea9700000 - 0x00007ffea9824000 	C:\WINDOWS\System32\RPCRT4.dll
0x00007ffea9890000 - 0x00007ffea9a20000 	C:\WINDOWS\System32\USER32.dll
0x00007ffea8610000 - 0x00007ffea8630000 	C:\WINDOWS\System32\win32u.dll
0x00007ffea8690000 - 0x00007ffea86b8000 	C:\WINDOWS\System32\GDI32.dll
0x00007ffea83f0000 - 0x00007ffea8581000 	C:\WINDOWS\System32\gdi32full.dll
0x00007ffea8070000 - 0x00007ffea810f000 	C:\WINDOWS\System32\msvcp_win.dll
0x00007ffe99310000 - 0x00007ffe99325000 	C:\Program Files\Java\jdk-13.0.1\bin\VCRUNTIME140.dll
0x00007ffe9c070000 - 0x00007ffe9c2d9000 	C:\WINDOWS\WinSxS\amd64_microsoft.windows.common-controls_6595b64144ccf1df_6.0.17134.1488_none_d4038d277c8d0b7d\COMCTL32.dll
0x00007ffea86c0000 - 0x00007ffea89e1000 	C:\WINDOWS\System32\combase.dll
0x00007ffea8590000 - 0x00007ffea8609000 	C:\WINDOWS\System32\bcryptPrimitives.dll
0x00007ffea2e10000 - 0x00007ffea2e1a000 	C:\WINDOWS\SYSTEM32\VERSION.dll
0x00007ffea89f0000 - 0x00007ffea8a1d000 	C:\WINDOWS\System32\IMM32.DLL
0x00007ffe76cf0000 - 0x00007ffe76d8b000 	C:\Program Files\Java\jdk-13.0.1\bin\msvcp140.dll
0x00007ffe66d70000 - 0x00007ffe678d6000 	C:\Program Files\Java\jdk-13.0.1\bin\server\jvm.dll
0x00007ffea8bf0000 - 0x00007ffea8bf8000 	C:\WINDOWS\System32\PSAPI.DLL
0x00007ffe94f80000 - 0x00007ffe94f89000 	C:\WINDOWS\SYSTEM32\WSOCK32.dll
0x00007ffea8b80000 - 0x00007ffea8bec000 	C:\WINDOWS\System32\WS2_32.dll
0x00007ffea5430000 - 0x00007ffea5453000 	C:\WINDOWS\SYSTEM32\WINMM.dll
0x00007ffea5310000 - 0x00007ffea533a000 	C:\WINDOWS\SYSTEM32\winmmbase.dll
0x00007ffea7560000 - 0x00007ffea75a9000 	C:\WINDOWS\System32\cfgmgr32.dll
0x00007ffea7540000 - 0x00007ffea7551000 	C:\WINDOWS\System32\kernel.appcore.dll
0x00007ffea50d0000 - 0x00007ffea50e0000 	C:\Program Files\Java\jdk-13.0.1\bin\verify.dll
0x00007ffea6ff0000 - 0x00007ffea71b9000 	C:\WINDOWS\SYSTEM32\DBGHELP.DLL
0x00007ffea6d90000 - 0x00007ffea6db9000 	C:\WINDOWS\SYSTEM32\dbgcore.DLL
0x00007ffe8c530000 - 0x00007ffe8c556000 	C:\Program Files\Java\jdk-13.0.1\bin\java.dll
0x00007ffe98bf0000 - 0x00007ffe98c07000 	C:\Program Files\Java\jdk-13.0.1\bin\zip.dll
0x00007ffea4440000 - 0x00007ffea444a000 	C:\Program Files\Java\jdk-13.0.1\bin\jimage.dll

dbghelp: loaded successfully - version: 4.0.5 - missing functions: none
symbol engine: initialized successfully - sym options: 0x614 - pdb path: .;C:\Program Files\Java\jdk-13.0.1\bin;C:\WINDOWS\SYSTEM32;C:\WINDOWS\WinSxS\amd64_microsoft.windows.common-controls_6595b64144ccf1df_6.0.17134.1488_none_d4038d277c8d0b7d;C:\Program Files\Java\jdk-13.0.1\bin\server

VM Arguments:
jvm_args: -Xmx64m -Xms64m -Dorg.gradle.appname=gradlew 
java_command: org.gradle.wrapper.GradleWrapperMain app:installDebug -PreactNativeDevServerPort=8081
java_class_path (initial): c:\work3\Reactnative\NEW\frontFoogether\Foogether\android\\gradle\wrapper\gradle-wrapper.jar
Launcher Type: SUN_STANDARD

[Global flags]
     intx CICompilerCount                          = 4                                         {product} {ergonomic}
     uint ConcGCThreads                            = 2                                         {product} {ergonomic}
     uint G1ConcRefinementThreads                  = 8                                         {product} {ergonomic}
   size_t G1HeapRegionSize                         = 1048576                                   {product} {ergonomic}
    uintx GCDrainStackTargetSize                   = 64                                        {product} {ergonomic}
   size_t InitialHeapSize                          = 67108864                                  {product} {command line}
   size_t MarkStackSize                            = 4194304                                   {product} {ergonomic}
   size_t MaxHeapSize                              = 67108864                                  {product} {command line}
   size_t MinHeapDeltaBytes                        = 1048576                                   {product} {ergonomic}
   size_t MinHeapSize                              = 67108864                                  {product} {command line}
    uintx NonNMethodCodeHeapSize                   = 5836300                                {pd product} {ergonomic}
    uintx NonProfiledCodeHeapSize                  = 122910970                              {pd product} {ergonomic}
    uintx ProfiledCodeHeapSize                     = 122910970                              {pd product} {ergonomic}
    uintx ReservedCodeCacheSize                    = 251658240                              {pd product} {ergonomic}
     bool SegmentedCodeCache                       = true                                      {product} {ergonomic}
   size_t SoftMaxHeapSize                          = 67108864                               {manageable} {ergonomic}
     bool UseCompressedClassPointers               = true                                 {lp64_product} {ergonomic}
     bool UseCompressedOops                        = true                                 {lp64_product} {ergonomic}
     bool UseG1GC                                  = true                                      {product} {ergonomic}
     bool UseLargePagesIndividualAllocation        = false                                  {pd product} {ergonomic}

Logging:
Log output configuration:
 #0: stdout all=warning uptime,level,tags
 #1: stderr all=off uptime,level,tags

Environment Variables:
JAVA_HOME=C:\Program Files\Java\jdk-13.0.1
CLASSPATH=c:\work3\Reactnative\NEW\frontFoogether\Foogether\android\\gradle\wrapper\gradle-wrapper.jar
PATH=c:\work3\Reactnative\NEW\frontFoogether\Foogether\android\node_modules\.bin;c:\work3\Reactnative\NEW\frontFoogether\Foogether\node_modules\.bin;c:\work3\Reactnative\NEW\frontFoogether\node_modules\.bin;c:\work3\Reactnative\NEW\node_modules\.bin;c:\work3\Reactnative\node_modules\.bin;c:\work3\node_modules\.bin;c:\node_modules\.bin;C:\Program Files\nodejs;C:\Python27\;C:\Python27\Scripts;C:\Program Files (x86)\Common Files\Oracle\Java\javapath;C:\Program Files (x86)\Intel\iCLS Client\;C:\Program Files\Intel\iCLS Client\;C:\WINDOWS\system32;C:\WINDOWS;C:\WINDOWS\System32\Wbem;C:\WINDOWS\System32\WindowsPowerShell\v1.0\;C:\Program Files (x86)\Intel\Intel(R) Management Engine Components\DAL;C:\Program Files\Intel\Intel(R) Management Engine Components\DAL;C:\Program Files (x86)\Intel\Intel(R) Management Engine Components\IPT;C:\Program Files\Intel\Intel(R) Management Engine Components\IPT;C:\Program Files\Intel\WiFi\bin\;C:\Program Files\Common Files\Intel\WirelessCommon\;C:\Program Files (x86)\GtkSharp\2.12\bin;C:\Program Files (x86)\NVIDIA Corporation\PhysX\Common;C:\WINDOWS\system32;C:\WINDOWS;C:\WINDOWS\System32\Wbem;C:\WINDOWS\System32\WindowsPowerShell\v1.0\;C:\WINDOWS\System32\OpenSSH\;C:\Program Files\Java\jdk-13.0.1\bin;C:\Program Files\MySQL\MySQL Server 8.0\bin;C:\workspace\apache-maven-3.6.3\bin;C:\workspace\gradle-6.3\bin;C:\Program Files\Java\jre-13.0.1\bin;C:\Program Files (x86)\Bitvise SSH Client;C:\Program Files\Docker\Docker\resources\bin;C:\ProgramData\DockerDesktop\version-bin;C:\ProgramData\chocolatey\bin;C:\Program Files\nodejs\;C:\Program Files\Git\cmd;C:\Program Files\MySQL\MySQL Shell 8.0\bin\;C:\Users\HW\AppData\Local\Programs\Python\Python37\Scripts\;C:\Users\HW\AppData\Local\Programs\Python\Python37\;C:\Users\HW\AppData\Local\Programs\Python\Python36-32\Scripts\;C:\Users\HW\AppData\Local\Programs\Python\Python36-32\;C:\Users\HW\AppData\Local\Microsoft\WindowsApps;C:\Program Files\Intel\WiFi\bin\;C:\Program Files\Common Files\Intel\WirelessCom
USERNAME=HW
OS=Windows_NT
PROCESSOR_IDENTIFIER=Intel64 Family 6 Model 158 Stepping 9, GenuineIntel



---------------  S Y S T E M  ---------------

OS: Windows 10 , 64 bit Build 17134 (10.0.17134.1425)

CPU:total 8 (initial active 8) (4 cores per cpu, 2 threads per core) family 6 model 158 stepping 9, cmov, cx8, fxsr, mmx, sse, sse2, sse3, ssse3, sse4.1, sse4.2, popcnt, avx, avx2, aes, clmul, erms, 3dnowpref, lzcnt, ht, tsc, tscinvbit, bmi1, bmi2, adx, fma

Memory: 4k page, system-wide physical 8076M (412M free)
TotalPageFile size 16204M (AvailPageFile size 9M)
current process WorkingSet (physical memory assigned to process): 10M, peak: 10M
current process commit charge ("private bytes"): 59M, peak: 123M

vm_info: Java HotSpot(TM) 64-Bit Server VM (13.0.1+9) for windows-amd64 JRE (13.0.1+9), built on Oct  6 2019 12:37:49 by "mach5one" with unknown MS VC++:1916

END.
